<?xml version="1.0" encoding="UTF-8"?>
<!-- Generated by org.testng.reporters.JUnitReportReporter -->
<testsuite hostname="GT0103" failures="0" tests="6" name="TestFiles.PractoTestFile" time="184.848" errors="0" timestamp="2024-09-26T15:15:08 IST" skipped="0">
  <testcase classname="TestFiles.PractoTestFile" name="verify_category_list_of_doctors" time="25.694"/>
  <system-out/>
  <testcase classname="TestFiles.PractoTestFile" name="verify_category_list_of_doctors" time="24.781"/>
  <system-out/>
  <testcase classname="TestFiles.PractoTestFile" name="verify_doctor_details_timeslot_date" time="36.034"/>
  <system-out/>
  <testcase classname="TestFiles.PractoTestFile" name="verify_doctor_details_timeslot_date" time="33.744"/>
  <system-out/>
  <testcase classname="TestFiles.PractoTestFile" name="verify_filtering" time="30.423"/>
  <system-out/>
  <testcase classname="TestFiles.PractoTestFile" name="verify_filtering" time="34.172"/>
  <system-out/>
</testsuite> <!-- TestFiles.PractoTestFile -->
