<?xml version="1.0" encoding="UTF-8"?>
<!-- Generated by org.testng.reporters.JUnitReportReporter -->
<testsuite hostname="GT0103" failures="0" tests="6" name="TestFiles.PractoTestFile" time="185.789" errors="0" timestamp="2024-09-25T12:55:52 IST" skipped="0">
  <testcase classname="TestFiles.PractoTestFile" name="verify_category_list_of_doctors" time="24.429"/>
  <system-out/>
  <testcase classname="TestFiles.PractoTestFile" name="verify_category_list_of_doctors" time="26.295"/>
  <system-out/>
  <testcase classname="TestFiles.PractoTestFile" name="verify_doctor_details_timeslot_date" time="33.326"/>
  <system-out/>
  <testcase classname="TestFiles.PractoTestFile" name="verify_doctor_details_timeslot_date" time="36.812"/>
  <system-out/>
  <testcase classname="TestFiles.PractoTestFile" name="verify_filtering" time="34.472"/>
  <system-out/>
  <testcase classname="TestFiles.PractoTestFile" name="verify_filtering" time="30.455"/>
  <system-out/>
</testsuite> <!-- TestFiles.PractoTestFile -->
